*** timeDesign #4 [begin] : totSession cpu/real = 1:02:30.9/1:03:24.3 (1.0), mem = 2705.4M
 Reset EOS DB
Ignoring AAE DB Resetting ...
Extraction called for design 'sha256_core' of instances=19133 and nets=17899 using extraction engine 'postRoute' at effort level 'low' .
**WARN: (IMPEXT-3530):	The process node is not set. Use the command setDesignMode -process <process node> prior to extraction for maximum accuracy and optimal automatic threshold setting.
Type 'man IMPEXT-3530' for more detail.
PostRoute (effortLevel low) RC Extraction called for design sha256_core.
RC Extraction called in multi-corner(1) mode.
**WARN: (IMPEXT-6197):	The Cap table file is not specified. This will result in lower parasitic accuracy when using preRoute extraction or postRoute extraction with effort level 'low'. It is recommended to generate the Cap table file using the 'generateCapTbl' command and specify it before extraction using 'create_rc_corner/update_rc_corner -cap_table'.
Type 'man IMPEXT-6197' for more detail.
**WARN: (IMPEXT-3032):	Because the cap table file was not provided, it will be created internally with the following process info:
* Layer Id             : 1 - M1
      Thickness        : 0.3
      Min Width        : 0.12
      Layer Dielectric : 4.1
* Layer Id             : 2 - M2
      Thickness        : 0.36
      Min Width        : 0.14
      Layer Dielectric : 4.1
* Layer Id             : 3 - M3
      Thickness        : 0.36
      Min Width        : 0.14
      Layer Dielectric : 4.1
* Layer Id             : 4 - M4
      Thickness        : 0.36
      Min Width        : 0.14
      Layer Dielectric : 4.1
* Layer Id             : 5 - M5
      Thickness        : 0.36
      Min Width        : 0.14
      Layer Dielectric : 4.1
* Layer Id             : 6 - M6
      Thickness        : 0.36
      Min Width        : 0.14
      Layer Dielectric : 4.1
* Layer Id             : 7 - M7
      Thickness        : 0.36
      Min Width        : 0.14
      Layer Dielectric : 4.1
* Layer Id             : 8 - M8
      Thickness        : 1
      Min Width        : 0.44
      Layer Dielectric : 4.1
* Layer Id             : 9 - M9
      Thickness        : 1
      Min Width        : 0.44
      Layer Dielectric : 4.1
extractDetailRC Option : -outfile /tmp/innovus_temp_3269046_cadence1_TH90_xx1DJR/sha256_core_3269046_81q3uN.rcdb.d -maxResLength 200  -basic
RC Mode: PostRoute -effortLevel low [Basic CapTable, LEF Resistances]
      RC Corner Indexes            0   
Capacitance Scaling Factor   : 1.00000 
Coupling Cap. Scaling Factor : 1.00000 
Resistance Scaling Factor    : 1.00000 
Clock Cap. Scaling Factor    : 1.00000 
Clock Res. Scaling Factor    : 1.00000 
Shrink Factor                : 1.00000
Initializing multi-corner resistance tables ...
Checking LVS Completed (CPU Time= 0:00:00.1  MEM= 2705.4M)
Extracted 10.0007% (CPU Time= 0:00:00.7  MEM= 2753.4M)
Extracted 20.0006% (CPU Time= 0:00:00.9  MEM= 2753.4M)
Extracted 30.0005% (CPU Time= 0:00:01.1  MEM= 2753.4M)
Extracted 40.0008% (CPU Time= 0:00:01.2  MEM= 2753.4M)
Extracted 50.0006% (CPU Time= 0:00:01.4  MEM= 2753.4M)
Extracted 60.0005% (CPU Time= 0:00:01.7  MEM= 2753.4M)
Extracted 70.0008% (CPU Time= 0:00:01.9  MEM= 2753.4M)
Extracted 80.0007% (CPU Time= 0:00:02.2  MEM= 2753.4M)
Extracted 90.0006% (CPU Time= 0:00:02.8  MEM= 2753.4M)
Extracted 100% (CPU Time= 0:00:03.5  MEM= 2753.4M)
Number of Extracted Resistors     : 394192
Number of Extracted Ground Cap.   : 390997
Number of Extracted Coupling Cap. : 872784
Filtering XCap in 'relativeOnly' mode using values relative_c_threshold=0.03 and total_c_threshold=5fF.
Checking LVS Completed (CPU Time= 0:00:00.1  MEM= 2722.1M)
PostRoute (effortLevel low) RC Extraction DONE (CPU Time: 0:00:05.7  Real Time: 0:00:06.0  MEM: 2722.125M)
Starting delay calculation for Setup views
AAE_INFO: opIsDesignInPostRouteState() is 1
AAE_INFO: resetNetProps viewIdx 0 
Starting SI iteration 1 using Infinite Timing Windows
#################################################################################
# Design Stage: PostRoute
# Design Name: sha256_core
# Design Mode: 90nm
# Analysis Mode: MMMC OCV 
# Parasitics Mode: SPEF/RCDB 
# Signoff Settings: SI On 
#################################################################################
AAE_INFO: 1 threads acquired from CTE.
Start delay calculation (fullDC) (1 T). (MEM=2714.01)
Initializing multi-corner resistance tables ...
Total number of fetched objects 17894
AAE_INFO: Total number of nets for which stage creation was skipped for all views 0
AAE_INFO-618: Total number of nets in the design is 17899,  100.0 percent of the nets selected for SI analysis
End delay calculation. (MEM=2720.16 CPU=0:00:06.7 REAL=0:00:06.0)
End delay calculation (fullDC). (MEM=2720.16 CPU=0:00:07.5 REAL=0:00:07.0)
Loading CTE timing window with TwFlowType 0...(CPU = 0:00:00.0, REAL = 0:00:00.0, MEM = 2720.2M)
Add other clocks and setupCteToAAEClockMapping during iter 1
Loading CTE timing window is completed (CPU = 0:00:00.1, REAL = 0:00:00.0, MEM = 2720.2M)
Starting SI iteration 2
Start delay calculation (fullDC) (1 T). (MEM=2586.28)
Glitch Analysis: View setup -- Total Number of Nets Skipped = 48. 
Glitch Analysis: View setup -- Total Number of Nets Analyzed = 17894. 
Total number of fetched objects 17894
AAE_INFO: Total number of nets for which stage creation was skipped for all views 0
AAE_INFO-618: Total number of nets in the design is 17899,  26.6 percent of the nets selected for SI analysis
End delay calculation. (MEM=2628.96 CPU=0:00:04.6 REAL=0:00:05.0)
End delay calculation (fullDC). (MEM=2628.96 CPU=0:00:04.7 REAL=0:00:05.0)
*** Done Building Timing Graph (cpu=0:00:14.6 real=0:00:15.0 totSessionCpu=1:02:51 mem=2629.0M)

------------------------------------------------------------------
          timeDesign Summary
------------------------------------------------------------------

Setup views included:
 setup 

+--------------------+---------+---------+---------+
|     Setup mode     |   all   | reg2reg | default |
+--------------------+---------+---------+---------+
|           WNS (ns):| -1.693  | -1.693  |  0.099  |
|           TNS (ns):| -1174.9 | -1174.9 |  0.000  |
|    Violating Paths:|  1521   |  1521   |    0    |
|          All Paths:|  6166   |  5908   |  3093   |
+--------------------+---------+---------+---------+

+----------------+-------------------------------+------------------+
|                |              Real             |       Total      |
|    DRVs        +------------------+------------+------------------|
|                |  Nr nets(terms)  | Worst Vio  |  Nr nets(terms)  |
+----------------+------------------+------------+------------------+
|   max_cap      |      0 (0)       |   0.000    |      0 (0)       |
|   max_tran     |      0 (0)       |   0.000    |      0 (0)       |
|   max_fanout   |      0 (0)       |     0      |      0 (0)       |
|   max_length   |      0 (0)       |     0      |      0 (0)       |
+----------------+------------------+------------+------------------+

Density: 94.674%
------------------------------------------------------------------
Reported timing to dir ./timingReports
Total CPU time: 22.95 sec
Total Real time: 26.0 sec
Total Memory Usage: 2602.542969 Mbytes
Reset AAE Options
