*** timeDesign #3 [begin] : totSession cpu/real = 0:52:45.3/0:53:34.1 (1.0), mem = 2388.7M
Start to check current routing status for nets...
All nets are already routed correctly.
End to check current routing status for nets (mem=2375.2M)
Starting delay calculation for Hold views
AAE_INFO: opIsDesignInPostRouteState() is 0
#################################################################################
# Design Stage: PreRoute
# Design Name: sha256_core
# Design Mode: 90nm
# Analysis Mode: MMMC Non-OCV 
# Parasitics Mode: No SPEF/RCDB 
# Signoff Settings: SI Off 
#################################################################################
Calculate delays in Single mode...
Start delay calculation (fullDC) (1 T). (MEM=2390.71)
Total number of fetched objects 17867
AAE_INFO: Total number of nets for which stage creation was skipped for all views 0
End delay calculation. (MEM=2423.15 CPU=0:00:02.8 REAL=0:00:02.0)
End delay calculation (fullDC). (MEM=2423.15 CPU=0:00:03.4 REAL=0:00:03.0)
*** Done Building Timing Graph (cpu=0:00:04.0 real=0:00:04.0 totSessionCpu=0:52:50 mem=2423.1M)

------------------------------------------------------------------
          timeDesign Summary
------------------------------------------------------------------

Hold views included:
 setup 

+--------------------+---------+---------+---------+
|     Hold mode      |   all   | reg2reg | default |
+--------------------+---------+---------+---------+
|           WNS (ns):|  0.017  |  0.017  |  0.821  |
|           TNS (ns):|  0.000  |  0.000  |  0.000  |
|    Violating Paths:|    0    |    0    |    0    |
|          All Paths:|  6166   |  5908   |  3093   |
+--------------------+---------+---------+---------+

Density: 94.511%
Routing Overflow: 0.00% H and 0.00% V
------------------------------------------------------------------
Reported timing to dir ./timingReports
Total CPU time: 5.6 sec
Total Real time: 5.0 sec
Total Memory Usage: 2360.632812 Mbytes
