*** timeDesign #1 [begin] : totSession cpu/real = 0:32:03.3/0:32:31.5 (1.0), mem = 2069.4M
Start to check current routing status for nets...
All nets are already routed correctly.
End to check current routing status for nets (mem=1997.4M)

------------------------------------------------------------------
          timeDesign Summary
------------------------------------------------------------------

Setup views included:
 setup 

+--------------------+---------+---------+---------+
|     Setup mode     |   all   | reg2reg | default |
+--------------------+---------+---------+---------+
|           WNS (ns):| -1.590  | -1.590  |  0.084  |
|           TNS (ns):| -1599.2 | -1599.2 |  0.000  |
|    Violating Paths:|  1622   |  1622   |    0    |
|          All Paths:|  6166   |  5908   |  3093   |
+--------------------+---------+---------+---------+

+----------------+-------------------------------+------------------+
|                |              Real             |       Total      |
|    DRVs        +------------------+------------+------------------|
|                |  Nr nets(terms)  | Worst Vio  |  Nr nets(terms)  |
+----------------+------------------+------------+------------------+
|   max_cap      |      0 (0)       |   0.000    |      0 (0)       |
|   max_tran     |      0 (0)       |   0.000    |      0 (0)       |
|   max_fanout   |      0 (0)       |     0      |      0 (0)       |
|   max_length   |      0 (0)       |     0      |      0 (0)       |
+----------------+------------------+------------+------------------+

Density: 94.708%
Routing Overflow: 0.00% H and 0.00% V
------------------------------------------------------------------
Reported timing to dir ./timingReports
Total CPU time: 2.46 sec
Total Real time: 5.0 sec
Total Memory Usage: 1997.609375 Mbytes
