*** timeDesign #2 [begin] : totSession cpu/real = 0:52:42.6/0:53:28.3 (1.0), mem = 2491.5M
Start to check current routing status for nets...
All nets are already routed correctly.
End to check current routing status for nets (mem=2433.5M)

------------------------------------------------------------------
          timeDesign Summary
------------------------------------------------------------------

Setup views included:
 setup 

+--------------------+---------+---------+---------+
|     Setup mode     |   all   | reg2reg | default |
+--------------------+---------+---------+---------+
|           WNS (ns):| -1.560  | -1.560  |  0.010  |
|           TNS (ns):| -1255.5 | -1255.5 |  0.000  |
|    Violating Paths:|  1526   |  1526   |    0    |
|          All Paths:|  6166   |  5908   |  3093   |
+--------------------+---------+---------+---------+

+----------------+-------------------------------+------------------+
|                |              Real             |       Total      |
|    DRVs        +------------------+------------+------------------|
|                |  Nr nets(terms)  | Worst Vio  |  Nr nets(terms)  |
+----------------+------------------+------------+------------------+
|   max_cap      |      0 (0)       |   0.000    |      0 (0)       |
|   max_tran     |      0 (0)       |   0.000    |      0 (0)       |
|   max_fanout   |      0 (0)       |     0      |      0 (0)       |
|   max_length   |      0 (0)       |     0      |      0 (0)       |
+----------------+------------------+------------+------------------+

Density: 94.511%
Routing Overflow: 0.00% H and 0.00% V
------------------------------------------------------------------
Reported timing to dir ./timingReports
Total CPU time: 2.77 sec
Total Real time: 6.0 sec
Total Memory Usage: 2388.699219 Mbytes
